<?xml version="1.0" encoding="UTF-8"?>
<testng-results skipped="0" failed="0" ignored="0" total="4" passed="4">
  <reporter-output>
  </reporter-output>
  <suite name="E-commerceapplication" duration-ms="18366" started-at="2019-05-13T15:29:04Z" finished-at="2019-05-13T15:29:22Z">
    <groups>
    </groups>
    <test name="e-commerceapplication test" duration-ms="18366" started-at="2019-05-13T15:29:04Z" finished-at="2019-05-13T15:29:22Z">
      <class name="com.Guru99ecommerce.testcases.TC_Homepage_0001">
        <test-method status="PASS" signature="SetUp()[pri:0, instance:com.Guru99ecommerce.testcases.TC_Homepage_0001@6b143ee9]" name="SetUp" is-config="true" duration-ms="55735" started-at="2019-05-13T20:58:08Z" finished-at="2019-05-13T20:59:04Z">
          <reporter-output>
          </reporter-output>
        </test-method> <!-- SetUp -->
        <test-method status="PASS" signature="title_verification()[pri:1, instance:com.Guru99ecommerce.testcases.TC_Homepage_0001@6b143ee9]" name="title_verification" duration-ms="15" started-at="2019-05-13T20:59:04Z" finished-at="2019-05-13T20:59:04Z">
          <reporter-output>
          </reporter-output>
        </test-method> <!-- title_verification -->
        <test-method status="PASS" signature="Sort()[pri:2, instance:com.Guru99ecommerce.testcases.TC_Homepage_0001@6b143ee9]" name="Sort" duration-ms="5419" started-at="2019-05-13T20:59:04Z" finished-at="2019-05-13T20:59:09Z">
          <reporter-output>
          </reporter-output>
        </test-method> <!-- Sort -->
        <test-method status="PASS" signature="title_verification1()[pri:3, instance:com.Guru99ecommerce.testcases.TC_Homepage_0001@6b143ee9]" name="title_verification1" duration-ms="30" started-at="2019-05-13T20:59:09Z" finished-at="2019-05-13T20:59:09Z">
          <reporter-output>
          </reporter-output>
        </test-method> <!-- title_verification1 -->
        <test-method status="PASS" signature="Sort_Name()[pri:4, instance:com.Guru99ecommerce.testcases.TC_Homepage_0001@6b143ee9]" name="Sort_Name" duration-ms="12880" started-at="2019-05-13T20:59:09Z" finished-at="2019-05-13T20:59:22Z">
          <reporter-output>
          </reporter-output>
        </test-method> <!-- Sort_Name -->
      </class> <!-- com.Guru99ecommerce.testcases.TC_Homepage_0001 -->
    </test> <!-- e-commerceapplication test -->
  </suite> <!-- E-commerceapplication -->
</testng-results>
